Determining if the pthread_create exist failed with the following output:
Change Dir: /home/user/catkin_ws_ladybug/build/CMakeFiles/CMakeTmp

Run Build Command:"/usr/bin/make" "cmTC_5136e/fast"
/usr/bin/make -f CMakeFiles/cmTC_5136e.dir/build.make CMakeFiles/cmTC_5136e.dir/build
make[1]: Entering directory '/home/user/catkin_ws_ladybug/build/CMakeFiles/CMakeTmp'
Building C object CMakeFiles/cmTC_5136e.dir/CheckSymbolExists.c.o
/usr/bin/cc     -o CMakeFiles/cmTC_5136e.dir/CheckSymbolExists.c.o   -c /home/user/catkin_ws_ladybug/build/CMakeFiles/CMakeTmp/CheckSymbolExists.c
Linking C executable cmTC_5136e
/usr/bin/cmake -E cmake_link_script CMakeFiles/cmTC_5136e.dir/link.txt --verbose=1
/usr/bin/cc       CMakeFiles/cmTC_5136e.dir/CheckSymbolExists.c.o  -o cmTC_5136e -rdynamic 
CMakeFiles/cmTC_5136e.dir/CheckSymbolExists.c.o: In function `main':
CheckSymbolExists.c:(.text+0x16): undefined reference to `pthread_create'
collect2: error: ld returned 1 exit status
CMakeFiles/cmTC_5136e.dir/build.make:97: recipe for target 'cmTC_5136e' failed
make[1]: *** [cmTC_5136e] Error 1
make[1]: Leaving directory '/home/user/catkin_ws_ladybug/build/CMakeFiles/CMakeTmp'
Makefile:126: recipe for target 'cmTC_5136e/fast' failed
make: *** [cmTC_5136e/fast] Error 2

File /home/user/catkin_ws_ladybug/build/CMakeFiles/CMakeTmp/CheckSymbolExists.c:
/* */
#include <pthread.h>

int main(int argc, char** argv)
{
  (void)argv;
#ifndef pthread_create
  return ((int*)(&pthread_create))[argc];
#else
  (void)argc;
  return 0;
#endif
}

Determining if the function pthread_create exists in the pthreads failed with the following output:
Change Dir: /home/user/catkin_ws_ladybug/build/CMakeFiles/CMakeTmp

Run Build Command:"/usr/bin/make" "cmTC_6788a/fast"
/usr/bin/make -f CMakeFiles/cmTC_6788a.dir/build.make CMakeFiles/cmTC_6788a.dir/build
make[1]: Entering directory '/home/user/catkin_ws_ladybug/build/CMakeFiles/CMakeTmp'
Building C object CMakeFiles/cmTC_6788a.dir/CheckFunctionExists.c.o
/usr/bin/cc    -DCHECK_FUNCTION_EXISTS=pthread_create   -o CMakeFiles/cmTC_6788a.dir/CheckFunctionExists.c.o   -c /usr/share/cmake-3.5/Modules/CheckFunctionExists.c
Linking C executable cmTC_6788a
/usr/bin/cmake -E cmake_link_script CMakeFiles/cmTC_6788a.dir/link.txt --verbose=1
/usr/bin/cc   -DCHECK_FUNCTION_EXISTS=pthread_create    CMakeFiles/cmTC_6788a.dir/CheckFunctionExists.c.o  -o cmTC_6788a -rdynamic -lpthreads 
/usr/bin/ld: cannot find -lpthreads
collect2: error: ld returned 1 exit status
CMakeFiles/cmTC_6788a.dir/build.make:97: recipe for target 'cmTC_6788a' failed
make[1]: *** [cmTC_6788a] Error 1
make[1]: Leaving directory '/home/user/catkin_ws_ladybug/build/CMakeFiles/CMakeTmp'
Makefile:126: recipe for target 'cmTC_6788a/fast' failed
make: *** [cmTC_6788a/fast] Error 2


Determining if the Q_WS_WIN exist failed with the following output:
Change Dir: /home/user/catkin_ws_ladybug/build/CMakeFiles/CMakeTmp

Run Build Command:"/usr/bin/make" "cmTC_b41e3/fast"
/usr/bin/make -f CMakeFiles/cmTC_b41e3.dir/build.make CMakeFiles/cmTC_b41e3.dir/build
make[1]: Entering directory '/home/user/catkin_ws_ladybug/build/CMakeFiles/CMakeTmp'
Building CXX object CMakeFiles/cmTC_b41e3.dir/CheckSymbolExists.cxx.o
/usr/bin/c++    -I/usr/include/qt4   -o CMakeFiles/cmTC_b41e3.dir/CheckSymbolExists.cxx.o -c /home/user/catkin_ws_ladybug/build/CMakeFiles/CMakeTmp/CheckSymbolExists.cxx
/home/user/catkin_ws_ladybug/build/CMakeFiles/CMakeTmp/CheckSymbolExists.cxx: In function ‘int main(int, char**)’:
/home/user/catkin_ws_ladybug/build/CMakeFiles/CMakeTmp/CheckSymbolExists.cxx:8:19: error: ‘Q_WS_WIN’ was not declared in this scope
   return ((int*)(&Q_WS_WIN))[argc];
                   ^
CMakeFiles/cmTC_b41e3.dir/build.make:65: recipe for target 'CMakeFiles/cmTC_b41e3.dir/CheckSymbolExists.cxx.o' failed
make[1]: *** [CMakeFiles/cmTC_b41e3.dir/CheckSymbolExists.cxx.o] Error 1
make[1]: Leaving directory '/home/user/catkin_ws_ladybug/build/CMakeFiles/CMakeTmp'
Makefile:126: recipe for target 'cmTC_b41e3/fast' failed
make: *** [cmTC_b41e3/fast] Error 2

File /home/user/catkin_ws_ladybug/build/CMakeFiles/CMakeTmp/CheckSymbolExists.cxx:
/* */
#include <QtCore/qglobal.h>

int main(int argc, char** argv)
{
  (void)argv;
#ifndef Q_WS_WIN
  return ((int*)(&Q_WS_WIN))[argc];
#else
  (void)argc;
  return 0;
#endif
}

Determining if the Q_WS_QWS exist failed with the following output:
Change Dir: /home/user/catkin_ws_ladybug/build/CMakeFiles/CMakeTmp

Run Build Command:"/usr/bin/make" "cmTC_dcdb7/fast"
/usr/bin/make -f CMakeFiles/cmTC_dcdb7.dir/build.make CMakeFiles/cmTC_dcdb7.dir/build
make[1]: Entering directory '/home/user/catkin_ws_ladybug/build/CMakeFiles/CMakeTmp'
Building CXX object CMakeFiles/cmTC_dcdb7.dir/CheckSymbolExists.cxx.o
/usr/bin/c++    -I/usr/include/qt4   -o CMakeFiles/cmTC_dcdb7.dir/CheckSymbolExists.cxx.o -c /home/user/catkin_ws_ladybug/build/CMakeFiles/CMakeTmp/CheckSymbolExists.cxx
/home/user/catkin_ws_ladybug/build/CMakeFiles/CMakeTmp/CheckSymbolExists.cxx: In function ‘int main(int, char**)’:
/home/user/catkin_ws_ladybug/build/CMakeFiles/CMakeTmp/CheckSymbolExists.cxx:8:19: error: ‘Q_WS_QWS’ was not declared in this scope
   return ((int*)(&Q_WS_QWS))[argc];
                   ^
CMakeFiles/cmTC_dcdb7.dir/build.make:65: recipe for target 'CMakeFiles/cmTC_dcdb7.dir/CheckSymbolExists.cxx.o' failed
make[1]: *** [CMakeFiles/cmTC_dcdb7.dir/CheckSymbolExists.cxx.o] Error 1
make[1]: Leaving directory '/home/user/catkin_ws_ladybug/build/CMakeFiles/CMakeTmp'
Makefile:126: recipe for target 'cmTC_dcdb7/fast' failed
make: *** [cmTC_dcdb7/fast] Error 2

File /home/user/catkin_ws_ladybug/build/CMakeFiles/CMakeTmp/CheckSymbolExists.cxx:
/* */
#include <QtCore/qglobal.h>

int main(int argc, char** argv)
{
  (void)argv;
#ifndef Q_WS_QWS
  return ((int*)(&Q_WS_QWS))[argc];
#else
  (void)argc;
  return 0;
#endif
}

Determining if the Q_WS_MAC exist failed with the following output:
Change Dir: /home/user/catkin_ws_ladybug/build/CMakeFiles/CMakeTmp

Run Build Command:"/usr/bin/make" "cmTC_d7b86/fast"
/usr/bin/make -f CMakeFiles/cmTC_d7b86.dir/build.make CMakeFiles/cmTC_d7b86.dir/build
make[1]: Entering directory '/home/user/catkin_ws_ladybug/build/CMakeFiles/CMakeTmp'
Building CXX object CMakeFiles/cmTC_d7b86.dir/CheckSymbolExists.cxx.o
/usr/bin/c++    -I/usr/include/qt4   -o CMakeFiles/cmTC_d7b86.dir/CheckSymbolExists.cxx.o -c /home/user/catkin_ws_ladybug/build/CMakeFiles/CMakeTmp/CheckSymbolExists.cxx
/home/user/catkin_ws_ladybug/build/CMakeFiles/CMakeTmp/CheckSymbolExists.cxx: In function ‘int main(int, char**)’:
/home/user/catkin_ws_ladybug/build/CMakeFiles/CMakeTmp/CheckSymbolExists.cxx:8:19: error: ‘Q_WS_MAC’ was not declared in this scope
   return ((int*)(&Q_WS_MAC))[argc];
                   ^
CMakeFiles/cmTC_d7b86.dir/build.make:65: recipe for target 'CMakeFiles/cmTC_d7b86.dir/CheckSymbolExists.cxx.o' failed
make[1]: *** [CMakeFiles/cmTC_d7b86.dir/CheckSymbolExists.cxx.o] Error 1
make[1]: Leaving directory '/home/user/catkin_ws_ladybug/build/CMakeFiles/CMakeTmp'
Makefile:126: recipe for target 'cmTC_d7b86/fast' failed
make: *** [cmTC_d7b86/fast] Error 2

File /home/user/catkin_ws_ladybug/build/CMakeFiles/CMakeTmp/CheckSymbolExists.cxx:
/* */
#include <QtCore/qglobal.h>

int main(int argc, char** argv)
{
  (void)argv;
#ifndef Q_WS_MAC
  return ((int*)(&Q_WS_MAC))[argc];
#else
  (void)argc;
  return 0;
#endif
}

